<?xml version="1.0" encoding="UTF-8"?>
<!-- Generated by org.testng.reporters.JUnitReportReporter -->
<testsuite skipped="0" hostname="e3b77a983366" name="com.searchmodule.tests.SearchTest" tests="4" failures="0" timestamp="22 Oct 2021 18:58:44 GMT" time="26.930" errors="0">
  <testcase name="search" time="4.604" classname="com.searchmodule.tests.SearchTest"/>
  <testcase name="search" time="12.566" classname="com.searchmodule.tests.SearchTest"/>
  <testcase name="search" time="4.706" classname="com.searchmodule.tests.SearchTest"/>
  <testcase name="search" time="5.054" classname="com.searchmodule.tests.SearchTest"/>
</testsuite> <!-- com.searchmodule.tests.SearchTest -->
