<?xml version="1.0" encoding="UTF-8"?>
<!-- Generated by org.testng.reporters.JUnitReportReporter -->
<testsuite skipped="0" hostname="da30907cba8e" name="com.searchmodule.tests.SearchTest" tests="4" failures="0" timestamp="04 Nov 2021 16:24:16 GMT" time="18.975" errors="0">
  <testcase name="search" time="4.603" classname="com.searchmodule.tests.SearchTest"/>
  <testcase name="search" time="5.802" classname="com.searchmodule.tests.SearchTest"/>
  <testcase name="search" time="4.358" classname="com.searchmodule.tests.SearchTest"/>
  <testcase name="search" time="4.212" classname="com.searchmodule.tests.SearchTest"/>
</testsuite> <!-- com.searchmodule.tests.SearchTest -->
