<?xml version="1.0" encoding="UTF-8"?>
<!-- Generated by org.testng.reporters.JUnitReportReporter -->
<testsuite skipped="0" hostname="0e82e8c11797" name="com.newtours.tests.BookFlightTest" tests="20" failures="0" timestamp="04 Nov 2021 16:18:34 GMT" time="32.216" errors="0">
  <testcase name="flightConfirmationPage" time="0.491" classname="com.newtours.tests.BookFlightTest"/>
  <testcase name="findFlightPage" time="0.644" classname="com.newtours.tests.BookFlightTest"/>
  <testcase name="flightConfirmationPage" time="0.552" classname="com.newtours.tests.BookFlightTest"/>
  <testcase name="flightDetailsPage" time="2.006" classname="com.newtours.tests.BookFlightTest"/>
  <testcase name="registrationConfirmationPage" time="0.156" classname="com.newtours.tests.BookFlightTest"/>
  <testcase name="flightConfirmationPage" time="0.399" classname="com.newtours.tests.BookFlightTest"/>
  <testcase name="flightDetailsPage" time="1.582" classname="com.newtours.tests.BookFlightTest"/>
  <testcase name="registrationPage" time="5.164" classname="com.newtours.tests.BookFlightTest"/>
  <testcase name="flightDetailsPage" time="1.769" classname="com.newtours.tests.BookFlightTest"/>
  <testcase name="findFlightPage" time="0.748" classname="com.newtours.tests.BookFlightTest"/>
  <testcase name="registrationPage" time="3.576" classname="com.newtours.tests.BookFlightTest"/>
  <testcase name="flightDetailsPage" time="1.917" classname="com.newtours.tests.BookFlightTest"/>
  <testcase name="registrationPage" time="5.041" classname="com.newtours.tests.BookFlightTest"/>
  <testcase name="registrationConfirmationPage" time="0.218" classname="com.newtours.tests.BookFlightTest"/>
  <testcase name="registrationConfirmationPage" time="0.216" classname="com.newtours.tests.BookFlightTest"/>
  <testcase name="registrationPage" time="5.748" classname="com.newtours.tests.BookFlightTest"/>
  <testcase name="registrationConfirmationPage" time="0.146" classname="com.newtours.tests.BookFlightTest"/>
  <testcase name="findFlightPage" time="0.736" classname="com.newtours.tests.BookFlightTest"/>
  <testcase name="flightConfirmationPage" time="0.413" classname="com.newtours.tests.BookFlightTest"/>
  <testcase name="findFlightPage" time="0.694" classname="com.newtours.tests.BookFlightTest"/>
</testsuite> <!-- com.newtours.tests.BookFlightTest -->
