<?xml version="1.0" encoding="UTF-8"?>
<!-- Generated by org.testng.reporters.JUnitReportReporter -->
<testsuite skipped="0" hostname="8823ccfc0810" name="com.newtours.tests.BookFlightTest" tests="20" failures="0" timestamp="22 Oct 2021 18:58:32 GMT" time="60.159" errors="0">
  <testcase name="registrationConfirmationPage" time="0.338" classname="com.newtours.tests.BookFlightTest"/>
  <testcase name="findFlightPage" time="1.204" classname="com.newtours.tests.BookFlightTest"/>
  <testcase name="registrationConfirmationPage" time="0.215" classname="com.newtours.tests.BookFlightTest"/>
  <testcase name="flightConfirmationPage" time="0.663" classname="com.newtours.tests.BookFlightTest"/>
  <testcase name="registrationPage" time="8.348" classname="com.newtours.tests.BookFlightTest"/>
  <testcase name="registrationPage" time="6.959" classname="com.newtours.tests.BookFlightTest"/>
  <testcase name="findFlightPage" time="1.037" classname="com.newtours.tests.BookFlightTest"/>
  <testcase name="registrationPage" time="4.774" classname="com.newtours.tests.BookFlightTest"/>
  <testcase name="flightDetailsPage" time="2.704" classname="com.newtours.tests.BookFlightTest"/>
  <testcase name="registrationConfirmationPage" time="1.046" classname="com.newtours.tests.BookFlightTest"/>
  <testcase name="flightConfirmationPage" time="0.848" classname="com.newtours.tests.BookFlightTest"/>
  <testcase name="findFlightPage" time="1.128" classname="com.newtours.tests.BookFlightTest"/>
  <testcase name="registrationPage" time="9.360" classname="com.newtours.tests.BookFlightTest"/>
  <testcase name="flightConfirmationPage" time="0.784" classname="com.newtours.tests.BookFlightTest"/>
  <testcase name="findFlightPage" time="1.278" classname="com.newtours.tests.BookFlightTest"/>
  <testcase name="registrationConfirmationPage" time="5.388" classname="com.newtours.tests.BookFlightTest"/>
  <testcase name="flightDetailsPage" time="3.071" classname="com.newtours.tests.BookFlightTest"/>
  <testcase name="flightDetailsPage" time="1.959" classname="com.newtours.tests.BookFlightTest"/>
  <testcase name="flightDetailsPage" time="8.386" classname="com.newtours.tests.BookFlightTest"/>
  <testcase name="flightConfirmationPage" time="0.669" classname="com.newtours.tests.BookFlightTest"/>
</testsuite> <!-- com.newtours.tests.BookFlightTest -->
