<?xml version="1.0" encoding="UTF-8"?>
<!-- Generated by org.testng.reporters.JUnitReportReporter -->
<testsuite skipped="0" hostname="015ac18f8903" name="com.newtours.tests.BookFlightTest" tests="20" failures="0" timestamp="22 Oct 2021 18:58:10 GMT" time="60.854" errors="0">
  <testcase name="registrationPage" time="5.564" classname="com.newtours.tests.BookFlightTest"/>
  <testcase name="findFlightPage" time="1.574" classname="com.newtours.tests.BookFlightTest"/>
  <testcase name="registrationConfirmationPage" time="1.054" classname="com.newtours.tests.BookFlightTest"/>
  <testcase name="flightConfirmationPage" time="2.454" classname="com.newtours.tests.BookFlightTest"/>
  <testcase name="flightDetailsPage" time="2.489" classname="com.newtours.tests.BookFlightTest"/>
  <testcase name="registrationConfirmationPage" time="1.072" classname="com.newtours.tests.BookFlightTest"/>
  <testcase name="registrationPage" time="5.577" classname="com.newtours.tests.BookFlightTest"/>
  <testcase name="findFlightPage" time="2.220" classname="com.newtours.tests.BookFlightTest"/>
  <testcase name="findFlightPage" time="1.794" classname="com.newtours.tests.BookFlightTest"/>
  <testcase name="flightDetailsPage" time="2.968" classname="com.newtours.tests.BookFlightTest"/>
  <testcase name="flightDetailsPage" time="2.234" classname="com.newtours.tests.BookFlightTest"/>
  <testcase name="flightConfirmationPage" time="6.886" classname="com.newtours.tests.BookFlightTest"/>
  <testcase name="registrationPage" time="4.960" classname="com.newtours.tests.BookFlightTest"/>
  <testcase name="registrationPage" time="3.974" classname="com.newtours.tests.BookFlightTest"/>
  <testcase name="flightDetailsPage" time="3.723" classname="com.newtours.tests.BookFlightTest"/>
  <testcase name="registrationConfirmationPage" time="0.582" classname="com.newtours.tests.BookFlightTest"/>
  <testcase name="findFlightPage" time="3.383" classname="com.newtours.tests.BookFlightTest"/>
  <testcase name="flightConfirmationPage" time="0.938" classname="com.newtours.tests.BookFlightTest"/>
  <testcase name="flightConfirmationPage" time="6.955" classname="com.newtours.tests.BookFlightTest"/>
  <testcase name="registrationConfirmationPage" time="0.453" classname="com.newtours.tests.BookFlightTest"/>
</testsuite> <!-- com.newtours.tests.BookFlightTest -->
