<?xml version="1.0" encoding="UTF-8"?>
<!-- Generated by org.testng.reporters.JUnitReportReporter -->
<testsuite skipped="0" hostname="31cb9e9c6f4c" name="com.newtours.tests.BookFlightTest" tests="20" failures="0" timestamp="04 Nov 2021 16:24:14 GMT" time="24.811" errors="0">
  <testcase name="flightConfirmationPage" time="0.609" classname="com.newtours.tests.BookFlightTest"/>
  <testcase name="flightConfirmationPage" time="1.016" classname="com.newtours.tests.BookFlightTest"/>
  <testcase name="registrationConfirmationPage" time="0.253" classname="com.newtours.tests.BookFlightTest"/>
  <testcase name="flightDetailsPage" time="1.571" classname="com.newtours.tests.BookFlightTest"/>
  <testcase name="findFlightPage" time="0.402" classname="com.newtours.tests.BookFlightTest"/>
  <testcase name="flightDetailsPage" time="1.664" classname="com.newtours.tests.BookFlightTest"/>
  <testcase name="registrationConfirmationPage" time="0.295" classname="com.newtours.tests.BookFlightTest"/>
  <testcase name="flightConfirmationPage" time="0.380" classname="com.newtours.tests.BookFlightTest"/>
  <testcase name="registrationPage" time="2.975" classname="com.newtours.tests.BookFlightTest"/>
  <testcase name="registrationConfirmationPage" time="0.251" classname="com.newtours.tests.BookFlightTest"/>
  <testcase name="registrationConfirmationPage" time="0.321" classname="com.newtours.tests.BookFlightTest"/>
  <testcase name="findFlightPage" time="0.472" classname="com.newtours.tests.BookFlightTest"/>
  <testcase name="flightConfirmationPage" time="0.729" classname="com.newtours.tests.BookFlightTest"/>
  <testcase name="flightDetailsPage" time="1.628" classname="com.newtours.tests.BookFlightTest"/>
  <testcase name="findFlightPage" time="0.513" classname="com.newtours.tests.BookFlightTest"/>
  <testcase name="flightDetailsPage" time="1.655" classname="com.newtours.tests.BookFlightTest"/>
  <testcase name="findFlightPage" time="0.668" classname="com.newtours.tests.BookFlightTest"/>
  <testcase name="registrationPage" time="3.288" classname="com.newtours.tests.BookFlightTest"/>
  <testcase name="registrationPage" time="3.137" classname="com.newtours.tests.BookFlightTest"/>
  <testcase name="registrationPage" time="2.984" classname="com.newtours.tests.BookFlightTest"/>
</testsuite> <!-- com.newtours.tests.BookFlightTest -->
