<?xml version="1.0" encoding="UTF-8"?>
<!-- Generated by org.testng.reporters.JUnitReportReporter -->
<testsuite skipped="0" hostname="8f5152010493" name="com.searchmodule.tests.SearchTest" tests="4" failures="0" timestamp="22 Oct 2021 18:58:39 GMT" time="20.337" errors="0">
  <testcase name="search" time="4.892" classname="com.searchmodule.tests.SearchTest"/>
  <testcase name="search" time="4.129" classname="com.searchmodule.tests.SearchTest"/>
  <testcase name="search" time="5.944" classname="com.searchmodule.tests.SearchTest"/>
  <testcase name="search" time="5.372" classname="com.searchmodule.tests.SearchTest"/>
</testsuite> <!-- com.searchmodule.tests.SearchTest -->
