<?xml version="1.0" encoding="UTF-8"?>
<!-- Generated by org.testng.reporters.JUnitReportReporter -->
<testsuite skipped="0" hostname="864aabb73f35" name="com.searchmodule.tests.SearchTest" tests="4" failures="0" timestamp="04 Nov 2021 16:18:12 GMT" time="17.838" errors="0">
  <testcase name="search" time="4.428" classname="com.searchmodule.tests.SearchTest"/>
  <testcase name="search" time="4.938" classname="com.searchmodule.tests.SearchTest"/>
  <testcase name="search" time="4.447" classname="com.searchmodule.tests.SearchTest"/>
  <testcase name="search" time="4.025" classname="com.searchmodule.tests.SearchTest"/>
</testsuite> <!-- com.searchmodule.tests.SearchTest -->
